<?xml version="1.0" encoding="UTF-8"?>
<testng-results skipped="0" failed="0" ignored="0" total="1" passed="1">
  <reporter-output>
  </reporter-output>
  <suite name="Default suite" duration-ms="18336" started-at="2021-06-02T16:55:44 IST" finished-at="2021-06-02T16:56:02 IST">
    <groups>
    </groups>
    <test name="Default test" duration-ms="18336" started-at="2021-06-02T16:55:44 IST" finished-at="2021-06-02T16:56:02 IST">
      <class name="Testcase.Logintest">
        <test-method status="PASS" signature="loginpage()[pri:0, instance:Testcase.Logintest@67784306]" name="loginpage" duration-ms="18129" started-at="2021-06-02T16:55:44 IST" finished-at="2021-06-02T16:56:02 IST">
          <reporter-output>
          </reporter-output>
        </test-method> <!-- loginpage -->
      </class> <!-- Testcase.Logintest -->
    </test> <!-- Default test -->
  </suite> <!-- Default suite -->
</testng-results>
