<?xml version="1.0" encoding="UTF-8"?>
<testng-results ignored="0" total="1" passed="1" failed="0" skipped="0">
  <reporter-output>
  </reporter-output>
  <suite started-at="2020-08-07T14:26:39 IST" name="Default suite" finished-at="2020-08-07T14:29:38 IST" duration-ms="178723">
    <groups>
    </groups>
    <test started-at="2020-08-07T14:26:39 IST" name="Default test" finished-at="2020-08-07T14:29:38 IST" duration-ms="178723">
      <class name="app.All_Apps">
        <test-method signature="Apps()[pri:1, instance:app.All_Apps@290d210d]" started-at="2020-08-07T14:26:39 IST" name="Apps" finished-at="2020-08-07T14:29:38 IST" duration-ms="178531" status="PASS">
          <reporter-output>
          </reporter-output>
        </test-method> <!-- Apps -->
      </class> <!-- app.All_Apps -->
    </test> <!-- Default test -->
  </suite> <!-- Default suite -->
</testng-results>
